2025-03-22 18:34:15.633 [1] main/103/init.lua I> Tarantool 2.11.0-0-g247a9a418 Linux-x86_64-RelWithDebInfo
2025-03-22 18:34:15.633 [1] main/103/init.lua I> log level 5
2025-03-22 18:34:15.633 [1] main/103/init.lua I> wal/engine cleanup is paused
2025-03-22 18:34:15.635 [1] main/103/init.lua I> mapping 268435456 bytes for memtx tuple arena...
2025-03-22 18:34:15.636 [1] main/103/init.lua I> Actual slab_alloc_factor calculated on the basis of desired slab_alloc_factor = 1.044274
2025-03-22 18:34:15.636 [1] main/103/init.lua I> mapping 134217728 bytes for vinyl tuple arena...
2025-03-22 18:34:15.642 [1] main/103/init.lua I> update replication_synchro_quorum = 1
2025-03-22 18:34:15.642 [1] main/103/init.lua I> instance uuid 6c6e63b1-e3dc-410e-9c76-c40bf718c0ad
2025-03-22 18:34:15.644 [1] main/103/init.lua I> tx_binary: bound to 0.0.0.0:3301
2025-03-22 18:34:15.644 [1] main/103/init.lua I> initializing an empty data directory
2025-03-22 18:34:15.664 [1] main/103/init.lua I> assigned id 1 to replica 6c6e63b1-e3dc-410e-9c76-c40bf718c0ad
2025-03-22 18:34:15.664 [1] main/103/init.lua I> update replication_synchro_quorum = 1
2025-03-22 18:34:15.664 [1] main/103/init.lua I> cluster uuid 77de25b8-7ba3-4967-a56f-c2d9a318932f
2025-03-22 18:34:15.667 [1] snapshot/101/main I> saving snapshot `./00000000000000000000.snap.inprogress'
2025-03-22 18:34:15.670 [1] snapshot/101/main I> done
2025-03-22 18:34:15.671 [1] main/103/init.lua I> ready to accept requests
2025-03-22 18:34:15.671 [1] main/104/gc I> wal/engine cleanup is resumed
2025-03-22 18:34:15.671 [1] main/103/init.lua/box.load_cfg I> set 'log' configuration option to "tarantool.log"
2025-03-22 18:34:15.671 [1] main/103/init.lua/box.load_cfg I> set 'listen' configuration option to 3301
2025-03-22 18:34:15.672 [1] main/105/checkpoint_daemon I> scheduled next checkpoint for Sat Mar 22 20:27:24 2025
2025-03-22 18:34:15.680 [1] main/113/http/0.0.0.0:8081/socket I> started
2025-03-22 18:34:15.681 [1] main I> entering the event loop
2025-03-22 18:40:39.482 [1] main/115/iproto.shutdown I> tx_binary: stopped
2025-03-22 18:40:56.367 [1] main/103/init.lua I> Tarantool 2.11.0-0-g247a9a418 Linux-x86_64-RelWithDebInfo
2025-03-22 18:40:56.367 [1] main/103/init.lua I> log level 5
2025-03-22 18:40:56.367 [1] main/103/init.lua I> wal/engine cleanup is paused
2025-03-22 18:40:56.369 [1] main/103/init.lua I> mapping 268435456 bytes for memtx tuple arena...
2025-03-22 18:40:56.369 [1] main/103/init.lua I> Actual slab_alloc_factor calculated on the basis of desired slab_alloc_factor = 1.044274
2025-03-22 18:40:56.369 [1] main/103/init.lua I> mapping 134217728 bytes for vinyl tuple arena...
2025-03-22 18:40:56.370 [1] main/103/init.lua/box.upgrade I> Recovering snapshot with schema version 2.11.0
2025-03-22 18:40:56.374 [1] main/103/init.lua I> update replication_synchro_quorum = 1
2025-03-22 18:40:56.374 [1] main/103/init.lua I> instance uuid 6c6e63b1-e3dc-410e-9c76-c40bf718c0ad
2025-03-22 18:40:56.377 [1] main/103/init.lua I> instance vclock {1: 6}
2025-03-22 18:40:56.377 [1] main/103/init.lua I> tx_binary: bound to 0.0.0.0:3301
2025-03-22 18:40:56.379 [1] main/103/init.lua I> recovery start
2025-03-22 18:40:56.379 [1] main/103/init.lua I> recovering from `./00000000000000000000.snap'
2025-03-22 18:40:56.381 [1] main/103/init.lua I> cluster uuid 77de25b8-7ba3-4967-a56f-c2d9a318932f
2025-03-22 18:40:56.393 [1] main/103/init.lua I> assigned id 1 to replica 6c6e63b1-e3dc-410e-9c76-c40bf718c0ad
2025-03-22 18:40:56.393 [1] main/103/init.lua I> update replication_synchro_quorum = 1
2025-03-22 18:40:56.394 [1] main/103/init.lua I> recover from `./00000000000000000000.xlog'
2025-03-22 18:40:56.395 [1] main/103/init.lua I> done `./00000000000000000000.xlog'
2025-03-22 18:40:56.395 [1] main/103/init.lua I> recover from `./00000000000000000006.xlog'
2025-03-22 18:40:56.395 [1] main/103/init.lua I> done `./00000000000000000006.xlog'
2025-03-22 18:40:56.399 [1] main/103/init.lua I> ready to accept requests
2025-03-22 18:40:56.399 [1] main/103/init.lua I> leaving orphan mode
2025-03-22 18:40:56.399 [1] main/104/gc I> wal/engine cleanup is resumed
2025-03-22 18:40:56.400 [1] main/103/init.lua/box.load_cfg I> set 'log' configuration option to "tarantool.log"
2025-03-22 18:40:56.400 [1] main/103/init.lua/box.load_cfg I> set 'listen' configuration option to 3301
2025-03-22 18:40:56.400 [1] main/105/checkpoint_daemon I> scheduled next checkpoint for Sat Mar 22 20:08:00 2025
2025-03-22 18:40:56.401 [1] main schema.lua:3475 E> ER_PRIV_GRANTED: User 'guest' already has read,write,execute access on space 'kv'
2025-03-22 18:40:56.401 [1] main F> fatal error, exiting the event loop
2025-03-22 18:41:34.535 [1] main/103/init.lua I> Tarantool 2.11.0-0-g247a9a418 Linux-x86_64-RelWithDebInfo
2025-03-22 18:41:34.535 [1] main/103/init.lua I> log level 5
2025-03-22 18:41:34.535 [1] main/103/init.lua I> wal/engine cleanup is paused
2025-03-22 18:41:34.537 [1] main/103/init.lua I> mapping 268435456 bytes for memtx tuple arena...
2025-03-22 18:41:34.537 [1] main/103/init.lua I> Actual slab_alloc_factor calculated on the basis of desired slab_alloc_factor = 1.044274
2025-03-22 18:41:34.537 [1] main/103/init.lua I> mapping 134217728 bytes for vinyl tuple arena...
2025-03-22 18:41:34.538 [1] main/103/init.lua/box.upgrade I> Recovering snapshot with schema version 2.11.0
2025-03-22 18:41:34.541 [1] main/103/init.lua I> update replication_synchro_quorum = 1
2025-03-22 18:41:34.541 [1] main/103/init.lua I> instance uuid 6c6e63b1-e3dc-410e-9c76-c40bf718c0ad
2025-03-22 18:41:34.543 [1] main/103/init.lua I> instance vclock {1: 6}
2025-03-22 18:41:34.544 [1] main/103/init.lua I> tx_binary: bound to 0.0.0.0:3301
2025-03-22 18:41:34.545 [1] main/103/init.lua I> recovery start
2025-03-22 18:41:34.545 [1] main/103/init.lua I> recovering from `./00000000000000000000.snap'
2025-03-22 18:41:34.547 [1] main/103/init.lua I> cluster uuid 77de25b8-7ba3-4967-a56f-c2d9a318932f
2025-03-22 18:41:34.556 [1] main/103/init.lua I> assigned id 1 to replica 6c6e63b1-e3dc-410e-9c76-c40bf718c0ad
2025-03-22 18:41:34.556 [1] main/103/init.lua I> update replication_synchro_quorum = 1
2025-03-22 18:41:34.557 [1] main/103/init.lua I> recover from `./00000000000000000000.xlog'
2025-03-22 18:41:34.558 [1] main/103/init.lua I> done `./00000000000000000000.xlog'
2025-03-22 18:41:34.559 [1] main/103/init.lua I> recover from `./00000000000000000006.xlog'
2025-03-22 18:41:34.559 [1] main/103/init.lua recovery.cc:161 W> file `./00000000000000000006.xlog` wasn't correctly closed
2025-03-22 18:41:34.563 [1] main/103/init.lua I> ready to accept requests
2025-03-22 18:41:34.563 [1] main/103/init.lua I> leaving orphan mode
2025-03-22 18:41:34.563 [1] main/104/gc I> wal/engine cleanup is resumed
2025-03-22 18:41:34.563 [1] main/103/init.lua/box.load_cfg I> set 'log' configuration option to "tarantool.log"
2025-03-22 18:41:34.563 [1] main/103/init.lua/box.load_cfg I> set 'listen' configuration option to 3301
2025-03-22 18:41:34.564 [1] main/105/checkpoint_daemon I> scheduled next checkpoint for Sat Mar 22 19:47:52 2025
2025-03-22 18:41:34.564 [1] main schema.lua:3475 E> ER_PRIV_GRANTED: User 'guest' already has read,write,execute access on space 'kv'
2025-03-22 18:41:34.564 [1] main F> fatal error, exiting the event loop
2025-03-22 18:47:49.166 [1] main/103/init.lua I> Tarantool 2.11.0-0-g247a9a418 Linux-x86_64-RelWithDebInfo
2025-03-22 18:47:49.166 [1] main/103/init.lua I> log level 5
2025-03-22 18:47:49.166 [1] main/103/init.lua I> wal/engine cleanup is paused
2025-03-22 18:47:49.168 [1] main/103/init.lua I> mapping 268435456 bytes for memtx tuple arena...
2025-03-22 18:47:49.168 [1] main/103/init.lua I> Actual slab_alloc_factor calculated on the basis of desired slab_alloc_factor = 1.044274
2025-03-22 18:47:49.168 [1] main/103/init.lua I> mapping 134217728 bytes for vinyl tuple arena...
2025-03-22 18:47:49.169 [1] main/103/init.lua/box.upgrade I> Recovering snapshot with schema version 2.11.0
2025-03-22 18:47:49.172 [1] main/103/init.lua I> update replication_synchro_quorum = 1
2025-03-22 18:47:49.173 [1] main/103/init.lua I> instance uuid 8eb8b64c-2ef4-4168-9b2d-feb7aa752896
2025-03-22 18:47:49.174 [1] main/103/init.lua I> instance vclock {}
2025-03-22 18:47:49.175 [1] main/103/init.lua I> tx_binary: bound to 0.0.0.0:3301
2025-03-22 18:47:49.176 [1] main/103/init.lua I> recovery start
2025-03-22 18:47:49.176 [1] main/103/init.lua I> recovering from `./00000000000000000000.snap'
2025-03-22 18:47:49.178 [1] main/103/init.lua I> cluster uuid 1633f748-3149-4490-8872-06856887971e
2025-03-22 18:47:49.187 [1] main/103/init.lua I> assigned id 1 to replica 8eb8b64c-2ef4-4168-9b2d-feb7aa752896
2025-03-22 18:47:49.187 [1] main/103/init.lua I> update replication_synchro_quorum = 1
2025-03-22 18:47:49.188 [1] main/103/init.lua I> recover from `./00000000000000000000.xlog'
2025-03-22 18:47:49.188 [1] main/103/init.lua I> done `./00000000000000000000.xlog'
2025-03-22 18:47:49.192 [1] main/103/init.lua I> ready to accept requests
2025-03-22 18:47:49.192 [1] main/103/init.lua I> leaving orphan mode
2025-03-22 18:47:49.192 [1] main/104/gc I> wal/engine cleanup is resumed
2025-03-22 18:47:49.192 [1] main/103/init.lua/box.load_cfg I> set 'log' configuration option to "tarantool.log"
2025-03-22 18:47:49.193 [1] main/103/init.lua/box.load_cfg I> set 'listen' configuration option to 3301
2025-03-22 18:47:49.193 [1] main/105/checkpoint_daemon I> scheduled next checkpoint for Sat Mar 22 19:52:26 2025
2025-03-22 18:47:49.195 [1] main/113/http/0.0.0.0:8081/socket I> started
2025-03-22 18:47:49.196 [1] main I> entering the event loop
2025-03-22 18:50:05.492 [1] main/115/iproto.shutdown I> tx_binary: stopped
2025-03-22 18:50:15.516 [1] main/103/init.lua I> Tarantool 2.11.0-0-g247a9a418 Linux-x86_64-RelWithDebInfo
2025-03-22 18:50:15.517 [1] main/103/init.lua I> log level 5
2025-03-22 18:50:15.517 [1] main/103/init.lua I> wal/engine cleanup is paused
2025-03-22 18:50:15.518 [1] main/103/init.lua I> mapping 268435456 bytes for memtx tuple arena...
2025-03-22 18:50:15.518 [1] main/103/init.lua I> Actual slab_alloc_factor calculated on the basis of desired slab_alloc_factor = 1.044274
2025-03-22 18:50:15.519 [1] main/103/init.lua I> mapping 134217728 bytes for vinyl tuple arena...
2025-03-22 18:50:15.520 [1] main/103/init.lua/box.upgrade I> Recovering snapshot with schema version 2.11.0
2025-03-22 18:50:15.523 [1] main/103/init.lua I> update replication_synchro_quorum = 1
2025-03-22 18:50:15.523 [1] main/103/init.lua I> instance uuid 8eb8b64c-2ef4-4168-9b2d-feb7aa752896
2025-03-22 18:50:15.525 [1] main/103/init.lua I> instance vclock {1: 6}
2025-03-22 18:50:15.526 [1] main/103/init.lua I> tx_binary: bound to 0.0.0.0:3301
2025-03-22 18:50:15.527 [1] main/103/init.lua I> recovery start
2025-03-22 18:50:15.527 [1] main/103/init.lua I> recovering from `./00000000000000000000.snap'
2025-03-22 18:50:15.529 [1] main/103/init.lua I> cluster uuid 1633f748-3149-4490-8872-06856887971e
2025-03-22 18:50:15.538 [1] main/103/init.lua I> assigned id 1 to replica 8eb8b64c-2ef4-4168-9b2d-feb7aa752896
2025-03-22 18:50:15.538 [1] main/103/init.lua I> update replication_synchro_quorum = 1
2025-03-22 18:50:15.539 [1] main/103/init.lua I> recover from `./00000000000000000000.xlog'
2025-03-22 18:50:15.539 [1] main/103/init.lua I> done `./00000000000000000000.xlog'
2025-03-22 18:50:15.540 [1] main/103/init.lua I> recover from `./00000000000000000006.xlog'
2025-03-22 18:50:15.540 [1] main/103/init.lua I> done `./00000000000000000006.xlog'
2025-03-22 18:50:15.543 [1] main/103/init.lua I> ready to accept requests
2025-03-22 18:50:15.543 [1] main/103/init.lua I> leaving orphan mode
2025-03-22 18:50:15.543 [1] main/104/gc I> wal/engine cleanup is resumed
2025-03-22 18:50:15.544 [1] main/103/init.lua/box.load_cfg I> set 'log' configuration option to "tarantool.log"
2025-03-22 18:50:15.544 [1] main/103/init.lua/box.load_cfg I> set 'listen' configuration option to 3301
2025-03-22 18:50:15.544 [1] main/105/checkpoint_daemon I> scheduled next checkpoint for Sat Mar 22 20:14:24 2025
2025-03-22 18:50:15.544 [1] main schema.lua:3475 E> ER_PRIV_GRANTED: User 'guest' already has read,write,execute access on space 'kv'
2025-03-22 18:50:15.545 [1] main F> fatal error, exiting the event loop
